Build started 29-10-2022 11:29:52 PM.
     1>Project "C:\Users\binay\OneDrive\Documents\Visual Studio 2010\Projects\224101014_HMM2\224101014_HMM2\224101014_HMM2.vcxproj" on node 2 (build target(s)).
     1>PrepareForBuild:
         Creating directory "C:\Users\binay\OneDrive\Documents\Visual Studio 2010\Projects\224101014_HMM2\Debug\".
       InitializeBuildStatus:
         Creating "Debug\224101014_HMM2.unsuccessfulbuild" because "AlwaysCreate" was specified.
       ClCompile:
         C:\Program Files (x86)\Microsoft Visual Studio 10.0\VC\bin\CL.exe /c /ZI /nologo /W3 /WX- /Od /Oy- /D WIN32 /D _DEBUG /D _CONSOLE /D _UNICODE /D UNICODE /Gm /EHsc /RTC1 /MDd /GS /fp:precise /Zc:wchar_t /Zc:forScope /Yc"StdAfx.h" /Fp"Debug\224101014_HMM2.pch" /Fo"Debug\\" /Fd"Debug\vc100.pdb" /Gd /TP /analyze- /errorReport:prompt stdafx.cpp
         stdafx.cpp
         C:\Program Files (x86)\Microsoft Visual Studio 10.0\VC\bin\CL.exe /c /ZI /nologo /W3 /WX- /Od /Oy- /D WIN32 /D _DEBUG /D _CONSOLE /D _UNICODE /D UNICODE /Gm /EHsc /RTC1 /MDd /GS /fp:precise /Zc:wchar_t /Zc:forScope /Yu"StdAfx.h" /Fp"Debug\224101014_HMM2.pch" /Fo"Debug\\" /Fd"Debug\vc100.pdb" /Gd /TP /analyze- /errorReport:prompt 224101014_HMM2.cpp
         224101014_HMM2.cpp
     1>c:\users\binay\onedrive\documents\visual studio 2010\projects\224101014_hmm2\224101014_hmm2\224101014_hmm2.cpp(256): warning C4996: 'fopen': This function or variable may be unsafe. Consider using fopen_s instead. To disable deprecation, use _CRT_SECURE_NO_WARNINGS. See online help for details.
                 c:\program files (x86)\microsoft visual studio 10.0\vc\include\stdio.h(234) : see declaration of 'fopen'
     1>c:\users\binay\onedrive\documents\visual studio 2010\projects\224101014_hmm2\224101014_hmm2\224101014_hmm2.cpp(267): warning C4996: 'fscanf': This function or variable may be unsafe. Consider using fscanf_s instead. To disable deprecation, use _CRT_SECURE_NO_WARNINGS. See online help for details.
                 c:\program files (x86)\microsoft visual studio 10.0\vc\include\stdio.h(253) : see declaration of 'fscanf'
     1>c:\users\binay\onedrive\documents\visual studio 2010\projects\224101014_hmm2\224101014_hmm2\224101014_hmm2.cpp(271): warning C4996: 'fopen': This function or variable may be unsafe. Consider using fopen_s instead. To disable deprecation, use _CRT_SECURE_NO_WARNINGS. See online help for details.
                 c:\program files (x86)\microsoft visual studio 10.0\vc\include\stdio.h(234) : see declaration of 'fopen'
     1>c:\users\binay\onedrive\documents\visual studio 2010\projects\224101014_hmm2\224101014_hmm2\224101014_hmm2.cpp(282): warning C4996: 'fscanf': This function or variable may be unsafe. Consider using fscanf_s instead. To disable deprecation, use _CRT_SECURE_NO_WARNINGS. See online help for details.
                 c:\program files (x86)\microsoft visual studio 10.0\vc\include\stdio.h(253) : see declaration of 'fscanf'
     1>c:\users\binay\onedrive\documents\visual studio 2010\projects\224101014_hmm2\224101014_hmm2\224101014_hmm2.cpp(286): warning C4996: 'fopen': This function or variable may be unsafe. Consider using fopen_s instead. To disable deprecation, use _CRT_SECURE_NO_WARNINGS. See online help for details.
                 c:\program files (x86)\microsoft visual studio 10.0\vc\include\stdio.h(234) : see declaration of 'fopen'
     1>c:\users\binay\onedrive\documents\visual studio 2010\projects\224101014_hmm2\224101014_hmm2\224101014_hmm2.cpp(295): warning C4996: 'fscanf': This function or variable may be unsafe. Consider using fscanf_s instead. To disable deprecation, use _CRT_SECURE_NO_WARNINGS. See online help for details.
                 c:\program files (x86)\microsoft visual studio 10.0\vc\include\stdio.h(253) : see declaration of 'fscanf'
     1>c:\users\binay\onedrive\documents\visual studio 2010\projects\224101014_hmm2\224101014_hmm2\224101014_hmm2.cpp(298): warning C4996: 'fopen': This function or variable may be unsafe. Consider using fopen_s instead. To disable deprecation, use _CRT_SECURE_NO_WARNINGS. See online help for details.
                 c:\program files (x86)\microsoft visual studio 10.0\vc\include\stdio.h(234) : see declaration of 'fopen'
     1>c:\users\binay\onedrive\documents\visual studio 2010\projects\224101014_hmm2\224101014_hmm2\224101014_hmm2.cpp(308): warning C4996: 'fscanf': This function or variable may be unsafe. Consider using fscanf_s instead. To disable deprecation, use _CRT_SECURE_NO_WARNINGS. See online help for details.
                 c:\program files (x86)\microsoft visual studio 10.0\vc\include\stdio.h(253) : see declaration of 'fscanf'
     1>c:\users\binay\onedrive\documents\visual studio 2010\projects\224101014_hmm2\224101014_hmm2\224101014_hmm2.cpp(313): warning C4996: 'fscanf': This function or variable may be unsafe. Consider using fscanf_s instead. To disable deprecation, use _CRT_SECURE_NO_WARNINGS. See online help for details.
                 c:\program files (x86)\microsoft visual studio 10.0\vc\include\stdio.h(253) : see declaration of 'fscanf'
     1>c:\users\binay\onedrive\documents\visual studio 2010\projects\224101014_hmm2\224101014_hmm2\224101014_hmm2.cpp(316): warning C4996: 'fopen': This function or variable may be unsafe. Consider using fopen_s instead. To disable deprecation, use _CRT_SECURE_NO_WARNINGS. See online help for details.
                 c:\program files (x86)\microsoft visual studio 10.0\vc\include\stdio.h(234) : see declaration of 'fopen'
       ManifestResourceCompile:
         C:\Program Files (x86)\Microsoft SDKs\Windows\v7.0A\bin\rc.exe /nologo /fo"Debug\224101014_HMM2.exe.embed.manifest.res" Debug\224101014_HMM2_manifest.rc 
       Link:
         C:\Program Files (x86)\Microsoft Visual Studio 10.0\VC\bin\link.exe /ERRORREPORT:PROMPT /OUT:"C:\Users\binay\OneDrive\Documents\Visual Studio 2010\Projects\224101014_HMM2\Debug\224101014_HMM2.exe" /INCREMENTAL /NOLOGO kernel32.lib user32.lib gdi32.lib winspool.lib comdlg32.lib advapi32.lib shell32.lib ole32.lib oleaut32.lib uuid.lib odbc32.lib odbccp32.lib /MANIFEST /ManifestFile:"Debug\224101014_HMM2.exe.intermediate.manifest" /MANIFESTUAC:"level='asInvoker' uiAccess='false'" /DEBUG /PDB:"C:\Users\binay\OneDrive\Documents\Visual Studio 2010\Projects\224101014_HMM2\Debug\224101014_HMM2.pdb" /SUBSYSTEM:CONSOLE /TLBID:1 /DYNAMICBASE /NXCOMPAT /IMPLIB:"C:\Users\binay\OneDrive\Documents\Visual Studio 2010\Projects\224101014_HMM2\Debug\224101014_HMM2.lib" /MACHINE:X86 Debug\224101014_HMM2.exe.embed.manifest.res
         Debug\224101014_HMM2.obj
         Debug\stdafx.obj
       Manifest:
         C:\Program Files (x86)\Microsoft SDKs\Windows\v7.0A\bin\mt.exe /nologo /verbose /out:"Debug\224101014_HMM2.exe.embed.manifest" /manifest Debug\224101014_HMM2.exe.intermediate.manifest
         C:\Program Files (x86)\Microsoft SDKs\Windows\v7.0A\bin\rc.exe /nologo /fo"Debug\224101014_HMM2.exe.embed.manifest.res" Debug\224101014_HMM2_manifest.rc 
       LinkEmbedManifest:
         C:\Program Files (x86)\Microsoft Visual Studio 10.0\VC\bin\link.exe /ERRORREPORT:PROMPT /OUT:"C:\Users\binay\OneDrive\Documents\Visual Studio 2010\Projects\224101014_HMM2\Debug\224101014_HMM2.exe" /INCREMENTAL /NOLOGO kernel32.lib user32.lib gdi32.lib winspool.lib comdlg32.lib advapi32.lib shell32.lib ole32.lib oleaut32.lib uuid.lib odbc32.lib odbccp32.lib /MANIFEST /ManifestFile:"Debug\224101014_HMM2.exe.intermediate.manifest" /MANIFESTUAC:"level='asInvoker' uiAccess='false'" /DEBUG /PDB:"C:\Users\binay\OneDrive\Documents\Visual Studio 2010\Projects\224101014_HMM2\Debug\224101014_HMM2.pdb" /SUBSYSTEM:CONSOLE /TLBID:1 /DYNAMICBASE /NXCOMPAT /IMPLIB:"C:\Users\binay\OneDrive\Documents\Visual Studio 2010\Projects\224101014_HMM2\Debug\224101014_HMM2.lib" /MACHINE:X86 Debug\224101014_HMM2.exe.embed.manifest.res
         Debug\224101014_HMM2.obj
         Debug\stdafx.obj
         224101014_HMM2.vcxproj -> C:\Users\binay\OneDrive\Documents\Visual Studio 2010\Projects\224101014_HMM2\Debug\224101014_HMM2.exe
       FinalizeBuildStatus:
         Deleting file "Debug\224101014_HMM2.unsuccessfulbuild".
         Touching "Debug\224101014_HMM2.lastbuildstate".
     1>Done Building Project "C:\Users\binay\OneDrive\Documents\Visual Studio 2010\Projects\224101014_HMM2\224101014_HMM2\224101014_HMM2.vcxproj" (build target(s)).

Build succeeded.

Time Elapsed 00:00:01.47
